<?xml version='1.0' encoding='UTF-8'?>
<testsuite hostname="RongXie" name="controllers.HomeControllerTest" tests="1" errors="0" failures="0" skipped="0" time="3.375">
                     <properties>
[...]
</properties>
                     <testcase classname="controllers.HomeControllerTest" name="testIndex" time="3.375">
                                                 
                                               </testcase>
                     <system-out><![CDATA[]]></system-out>
                     <system-err><![CDATA[]]></system-err>
                   </testsuite>